2014-08-24 00:03:11|2014-08-24 00:12:18|0|3.3.0|0041##jianjian_android_huodong9_y|GT-N7100|4.1.1|621C037046294271ADE2869B6723C7AA|0|boot
2014-08-24 00:03:20|2014-08-24 00:04:44|0|3.3.0|0012##jianjian_android_zsyyh_y|GT-N7100|4.3|0F73162311490F95E2E96F19304C8A76|0|verification code_registration_mirco-blog
2014-08-24 00:03:33|2014-08-24 00:03:30|0|3.3.0|0012##jianjian_android_zsyyh_y|X909|4.2.2|C2EFB5FF095063C4D8EBC33CE7255A53|0|boot
2014-08-24 00:03:33|2014-08-24 00:03:33|0|3.3.0|0011##jianjian_android_azhi_y|SM-N9009|4.4.2|C1AD77AE6CE25A48980E065623470026|0|micro-blog registry access
2014-08-24 00:04:01|2014-08-24 00:05:22|0|3.3.0|0012##jianjian_android_zsyyh_y|GT-N7100|4.3|0F73162311490F95E2E96F19304C8A76|0|boot
2014-08-24 00:04:12|2014-08-24 00:13:19|0|3.3.0|0041##jianjian_android_huodong9_y|GT-N7100|4.1.1|621C037046294271ADE2869B6723C7AA|0|user fill details_registration_mobile
2014-08-24 00:04:33|2014-08-24 00:04:49|0|3.3.0|0012##jianjian_android_zsyyh_y|Coolpad 5950|4.1.2|A0D6E95B365098DBADA5A96617C9BCD1|0|mobile phone verification code
2014-08-24 00:04:54|2014-08-24 00:05:09|0|3.3.0|0012##jianjian_android_zsyyh_y|Coolpad 5950|4.1.2|A0D6E95B365098DBADA5A96617C9BCD1|0|user fill details_registration_mobile
2014-08-24 00:05:14|2014-08-24 00:05:13|0|3.3.0|0012##jianjian_android_zsyyh_y|U705W|4.1.1|D9AF307AD38E028163B5B3BD6D27FDB1|0|boot
2014-08-24 00:05:40|2014-08-24 00:05:56|0|3.3.0|0041##jianjian_android_huodong9_y|HUAWEI C8812|4.0.3|EA86A36460E2B661BF6E7B1AD855411E|0|mobile phone users_register interface
2014-08-24 00:05:54|2014-08-24 00:06:09|0|3.3.0|0001##jianjian_android_jianjianapp_y|HM 1SC|4.3|5F8E8D8783C10248E6A6A9B774B97C37|0|boot
2014-08-24 00:06:06|2014-08-24 00:06:03|0|3.3.0|0012##jianjian_android_zsyyh_y|HUAWEI U9508|4.0.4|4E3C52D813CBCA3743D5B914BB6E0683|0|boot
2014-08-24 00:06:21|2014-08-24 00:06:20|0|3.3.0|0001##jianjian_android_jianjianapp_y|HM 1SC|4.3|5F8E8D8783C10248E6A6A9B774B97C37|0|micro-blog bindings window_logging_the third party
2014-08-24 00:06:30|2014-08-24 00:06:28|0|3.3.0|0012##jianjian_android_zsyyh_y|HUAWEI U9508|4.0.4|4E3C52D813CBCA3743D5B914BB6E0683|0|mobile phone verification code
2014-08-24 00:06:55|2014-08-24 00:06:54|0|3.3.0|0001##jianjian_android_jianjianapp_y|2013022|4.2.1|CCB7B651637F7B7D5E4DA631B5CDCCFE|0|boot
2014-08-24 00:07:08|2014-08-24 00:07:08|0|3.3.0|0012##jianjian_android_zsyyh_y|ZTE Grand S II LTE|4.3|01F4345C44C27B0011A4A71BD1967A88|0|boot
2014-08-24 00:07:15|2014-08-24 00:07:15|0|3.3.0|0001##jianjian_android_jianjianapp_y|2013022|4.2.1|CCB7B651637F7B7D5E4DA631B5CDCCFE|0|boot
2014-08-24 00:07:33|2014-08-24 00:07:33|0|3.3.0|0001##jianjian_android_jianjianapp_y|2013022|4.2.1|CCB7B651637F7B7D5E4DA631B5CDCCFE|0|qq_logging_the third party
2014-08-24 00:07:44|2014-08-24 00:07:44|0|3.3.0|0001##jianjian_android_jianjianapp_y|2013022|4.2.1|CCB7B651637F7B7D5E4DA631B5CDCCFE|0|micro-blog bindings window_logging_the third party
2014-08-24 00:07:55|2014-08-24 00:07:56|0|3.3.0|0012##jianjian_android_zsyyh_y|2013023|4.2.2|3521BFAA837CA6434D05C0F041C1035A|0|mobile phone users_register interface
2014-08-24 00:08:13|2014-08-24 00:08:13|0|3.3.0|0012##jianjian_android_zsyyh_y|2013023|4.2.2|3521BFAA837CA6434D05C0F041C1035A|0|mobile phone verification code
2014-08-24 00:08:31|2014-08-24 00:07:54|0|3.3.0|0012##jianjian_android_zsyyh_y|HUAWEI Y320-T00|4.0.3|94C15DCCC080DB662DB6C3E752962896|0|mobile phone users_register interface
2014-08-24 00:08:36|2014-08-24 00:07:44|0|3.3.0|0012##jianjian_android_zsyyh_y|M031|4.0.3|D84DEBB6A0BE277AE9A2810167493857|0|mobile phone users_register interface
2014-08-24 00:08:49|2014-08-24 00:08:48|0|3.3.0|0041##jianjian_android_huodong9_y|MI 2A|4.1.1|912BAE77D669F1C93F6F7F6DF9B0534B|0|baihe_logging_the third party
2014-08-24 00:08:52|2014-08-24 00:08:10|0|3.3.0|0012##jianjian_android_zsyyh_y|HUAWEI Y320-T00|4.0.3|94C15DCCC080DB662DB6C3E752962896|0|mobile phone verification code
2014-08-24 00:08:55|2014-08-24 00:07:58|0|3.3.0|0012##jianjian_android_zsyyh_y|M031|4.0.3|D84DEBB6A0BE277AE9A2810167493857|0|mobile phone verification code
2014-08-24 00:09:20|2014-08-24 00:08:27|0|3.3.0|0012##jianjian_android_zsyyh_y|M031|4.0.3|D84DEBB6A0BE277AE9A2810167493857|0|user fill details_registration_mobile
2014-08-24 00:09:20|2014-08-24 00:08:43|0|3.3.0|0012##jianjian_android_zsyyh_y|HUAWEI Y320-T00|4.0.3|94C15DCCC080DB662DB6C3E752962896|0|user fill details_registration_mobile
2014-08-24 00:09:27|2014-08-24 00:11:55|0|3.3.0|0011##jianjian_android_azhi_y|SCH-I779|2.3.6|7810322EA3690C75D8F6FE9605DC4ACB|0|mobile phone users_register interface
2014-08-24 00:09:40|2014-08-24 00:09:41|0|3.3.0|0001##jianjian_android_jianjianapp_y|MI 2S|4.1.1|FA9549EAFC6FB46D642D9F4CF452089D|0|micro-blog registry access
2014-08-24 00:09:44|2014-08-24 00:09:05|0|3.3.0|0012##jianjian_android_zsyyh_y|HUAWEI Y320-T00|4.0.3|94C15DCCC080DB662DB6C3E752962896|0|micro-blog import
2014-08-24 00:10:04|2014-08-24 00:10:02|0|3.3.0|0001##jianjian_android_jianjianapp_y|HTCONE|4.3|F1831ED027CF66AAE0CAF462069B2575|0|baihe_logging_the third party
2014-08-24 00:10:06|2014-08-24 00:10:06|0|3.3.0|0001##jianjian_android_jianjianapp_y|HTCONE|4.3|F1831ED027CF66AAE0CAF462069B2575|0|micro-blog bindings window_logging_the third party
2014-08-24 00:10:15|2014-08-23 00:10:33|0|3.3.0|0001##jianjian_android_jianjianapp_y|Lenovo A520|2.3.5|39026279F86C411B853295FA999423C3|0|boot
2014-08-24 00:10:24|2014-08-23 00:10:43|0|3.3.0|0001##jianjian_android_jianjianapp_y|Lenovo A520|2.3.5|39026279F86C411B853295FA999423C3|0|mobile phone users_register interface
2014-08-24 00:10:33|2014-08-23 00:10:52|0|3.3.0|0001##jianjian_android_jianjianapp_y|Lenovo A520|2.3.5|39026279F86C411B853295FA999423C3|0|mobile phone verification code
2014-08-24 00:10:47|2014-08-24 00:10:46|0|3.3.0|0012##jianjian_android_zsyyh_y|Coolpad 7060|4.1.2|55372EB70F89FCE9717B9616BAB344DC|0|micro-blog bindings window_logging_the third party
2014-08-24 00:11:03|2014-08-23 00:11:22|0|3.3.0|0001##jianjian_android_jianjianapp_y|Lenovo A520|2.3.5|39026279F86C411B853295FA999423C3|0|user fill details_registration_mobile
2014-08-24 00:11:08|2014-08-24 00:11:06|0|3.3.0|0012##jianjian_android_zsyyh_y|HUAWEI G520-5000|4.1.2|2753C41CFB8EB8DBFECCC493FA0C85E6|0|boot
2014-08-24 00:11:18|2014-08-24 00:17:38|0|3.3.0|0012##jianjian_android_zsyyh_y|vivo X1St|4.2.1|346E0CF11B5AB5A8CAE3F196B495783D|0|boot
2014-08-24 00:11:20|2014-08-24 00:11:19|0|3.3.0|0012##jianjian_android_zsyyh_y|Coolpad 7060|4.1.2|55372EB70F89FCE9717B9616BAB344DC|0|micro-blog bindings window_logging_the third party
2014-08-24 00:11:24|2014-08-24 00:13:18|0|3.3.0|0012##jianjian_android_zsyyh_y|ZTE V889D|2.3.6|586050A7CB66242DB64FCDA731EA2FF2|0|mobile phone verification code
2014-08-24 00:11:32|2014-08-24 00:11:32|0|3.3.0|0012##jianjian_android_zsyyh_y|HUAWEI C8813Q|4.1.2|DC4082D8A234C17F5117CE7934A72236|0|mobile phone users_register interface
2014-08-24 00:11:36|2014-08-24 00:11:34|0|3.3.0|0012##jianjian_android_zsyyh_y|HUAWEI G520-5000|4.1.2|2753C41CFB8EB8DBFECCC493FA0C85E6|0|mobile phone verification code
2014-08-24 00:11:37|2014-08-24 00:11:36|0|3.3.0|0012##jianjian_android_zsyyh_y|Coolpad 7060|4.1.2|55372EB70F89FCE9717B9616BAB344DC|0|mobile phone users_register interface
2014-08-24 00:11:48|2014-08-24 00:13:42|0|3.3.0|0012##jianjian_android_zsyyh_y|ZTE V889D|2.3.6|586050A7CB66242DB64FCDA731EA2FF2|0|user fill details_registration_mobile
2014-08-24 00:11:57|2014-08-24 00:13:51|0|3.3.0|0012##jianjian_android_zsyyh_y|ZTE V889D|2.3.6|586050A7CB66242DB64FCDA731EA2FF2|0|micro-blog import
2014-08-24 00:12:16|2014-08-24 00:12:15|0|3.3.0|0012##jianjian_android_zsyyh_y|HUAWEI G520-5000|4.1.2|2753C41CFB8EB8DBFECCC493FA0C85E6|0|micro-blog import
2014-08-24 00:12:34|2014-08-24 00:12:32|0|3.3.0|0012##jianjian_android_zsyyh_y|Coolpad 7060|4.1.2|55372EB70F89FCE9717B9616BAB344DC|0|micro-blog import
2014-08-24 00:12:51|2014-08-24 00:12:50|0|3.3.0|0012##jianjian_android_zsyyh_y|Coolpad 5217|4.3|318C128404999E79DA44D46BFA18E756|0|boot
2014-08-24 00:13:03|2014-08-24 00:13:02|0|3.3.0|0014##jianjian_android_baidu_y |Coolpad 7019|2.3.5|45DD6ECBEBD7967F25AEBCFFD71CB1BD|0|user fill details_registration_mobile
2014-08-24 00:13:23|2014-08-24 00:13:22|0|3.3.0|0014##jianjian_android_baidu_y |Coolpad 7019|2.3.5|45DD6ECBEBD7967F25AEBCFFD71CB1BD|0|micro-blog import
